2021-11-16 11:26:38,196 INFO org.springframework.boot.StartupInfoLogger [main] Starting OtpGenerationApplication using Java 16.0.2 on Prabal-INT054 with PID 9832 (D:\Rapipay Projects\OTP\OTPGeneration\target\classes started by Prabal_Katiyar in D:\Rapipay Projects\OTP\OTPGeneration)
2021-11-16 11:26:38,199 INFO org.springframework.boot.SpringApplication [main] No active profile set, falling back to default profiles: default
2021-11-16 11:26:38,728 INFO org.springframework.data.repository.config.RepositoryConfigurationDelegate [main] Bootstrapping Spring Data JPA repositories in DEFAULT mode.
2021-11-16 11:26:38,764 INFO org.springframework.data.repository.config.RepositoryConfigurationDelegate [main] Finished Spring Data repository scanning in 29 ms. Found 1 JPA repository interfaces.
2021-11-16 11:26:39,135 INFO org.springframework.boot.web.embedded.tomcat.TomcatWebServer [main] Tomcat initialized with port(s): 7070 (https)
2021-11-16 11:26:39,142 INFO org.apache.juli.logging.DirectJDKLog [main] Initializing ProtocolHandler ["https-jsse-nio-7070"]
2021-11-16 11:26:39,142 INFO org.apache.juli.logging.DirectJDKLog [main] Starting service [Tomcat]
2021-11-16 11:26:39,142 INFO org.apache.juli.logging.DirectJDKLog [main] Starting Servlet engine: [Apache Tomcat/9.0.54]
2021-11-16 11:26:39,224 INFO org.apache.juli.logging.DirectJDKLog [main] Initializing Spring embedded WebApplicationContext
2021-11-16 11:26:39,225 INFO org.springframework.boot.web.servlet.context.ServletWebServerApplicationContext [main] Root WebApplicationContext: initialization completed in 997 ms
2021-11-16 11:26:39,328 INFO org.hibernate.jpa.internal.util.LogHelper [main] HHH000204: Processing PersistenceUnitInfo [name: default]
2021-11-16 11:26:39,369 INFO org.hibernate.Version [main] HHH000412: Hibernate ORM core version 5.4.32.Final
2021-11-16 11:26:39,471 INFO org.hibernate.annotations.common.reflection.java.JavaReflectionManager [main] HCANN000001: Hibernate Commons Annotations {5.1.2.Final}
2021-11-16 11:26:39,543 INFO com.zaxxer.hikari.HikariDataSource [main] HikariPool-1 - Starting...
2021-11-16 11:26:39,658 INFO com.zaxxer.hikari.HikariDataSource [main] HikariPool-1 - Start completed.
2021-11-16 11:26:39,680 INFO org.hibernate.dialect.Dialect [main] HHH000400: Using dialect: org.hibernate.dialect.MySQL57Dialect
2021-11-16 11:26:40,103 INFO org.hibernate.engine.transaction.jta.platform.internal.JtaPlatformInitiator [main] HHH000490: Using JtaPlatform implementation: [org.hibernate.engine.transaction.jta.platform.internal.NoJtaPlatform]
2021-11-16 11:26:40,109 INFO org.springframework.orm.jpa.AbstractEntityManagerFactoryBean [main] Initialized JPA EntityManagerFactory for persistence unit 'default'
2021-11-16 11:26:40,447 WARN org.springframework.boot.autoconfigure.orm.jpa.JpaBaseConfiguration$JpaWebConfiguration [main] spring.jpa.open-in-view is enabled by default. Therefore, database queries may be performed during view rendering. Explicitly configure spring.jpa.open-in-view to disable this warning
2021-11-16 11:26:40,698 WARN org.springframework.boot.autoconfigure.thymeleaf.ThymeleafAutoConfiguration$DefaultTemplateResolverConfiguration [main] Cannot find template location: classpath:/templates/ (please add some templates or check your Thymeleaf configuration)
2021-11-16 11:26:40,762 INFO org.apache.juli.logging.DirectJDKLog [main] Starting ProtocolHandler ["https-jsse-nio-7070"]
2021-11-16 11:26:40,913 INFO org.springframework.boot.web.embedded.tomcat.TomcatWebServer [main] Tomcat started on port(s): 7070 (https) with context path ''
2021-11-16 11:26:40,919 INFO springfox.documentation.spring.web.plugins.DocumentationPluginsBootstrapper [main] Context refreshed
2021-11-16 11:26:40,932 INFO springfox.documentation.spring.web.plugins.DocumentationPluginsBootstrapper [main] Found 1 custom documentation plugin(s)
2021-11-16 11:26:40,937 INFO springfox.documentation.spring.web.scanners.ApiListingReferenceScanner [main] Scanning for api listing references
2021-11-16 11:26:41,005 INFO org.springframework.boot.StartupInfoLogger [main] Started OtpGenerationApplication in 3.061 seconds (JVM running for 3.752)
2021-11-16 11:26:41,009 INFO com.rapipay.OTPGeneration.OTPGeneration.OtpGenerationApplication [main] just a test info log
2021-11-16 11:28:05,514 INFO org.springframework.boot.admin.SpringApplicationAdminMXBeanRegistrar$SpringApplicationAdmin [RMI TCP Connection(4)-127.0.0.1] Application shutdown requested.
2021-11-16 11:28:05,544 INFO org.springframework.orm.jpa.AbstractEntityManagerFactoryBean [RMI TCP Connection(4)-127.0.0.1] Closing JPA EntityManagerFactory for persistence unit 'default'
2021-11-16 11:28:05,546 INFO com.zaxxer.hikari.HikariDataSource [RMI TCP Connection(4)-127.0.0.1] HikariPool-1 - Shutdown initiated...
2021-11-16 11:28:05,552 INFO com.zaxxer.hikari.HikariDataSource [RMI TCP Connection(4)-127.0.0.1] HikariPool-1 - Shutdown completed.
2021-11-16 11:28:07,941 INFO org.springframework.boot.StartupInfoLogger [main] Starting OtpGenerationApplication using Java 16.0.2 on Prabal-INT054 with PID 14044 (D:\Rapipay Projects\OTP\OTPGeneration\target\classes started by Prabal_Katiyar in D:\Rapipay Projects\OTP\OTPGeneration)
2021-11-16 11:28:07,944 INFO org.springframework.boot.SpringApplication [main] No active profile set, falling back to default profiles: default
2021-11-16 11:28:08,539 INFO org.springframework.data.repository.config.RepositoryConfigurationDelegate [main] Bootstrapping Spring Data JPA repositories in DEFAULT mode.
2021-11-16 11:28:08,577 INFO org.springframework.data.repository.config.RepositoryConfigurationDelegate [main] Finished Spring Data repository scanning in 31 ms. Found 1 JPA repository interfaces.
2021-11-16 11:28:08,962 INFO org.springframework.boot.web.embedded.tomcat.TomcatWebServer [main] Tomcat initialized with port(s): 7070 (https)
2021-11-16 11:28:08,970 INFO org.apache.juli.logging.DirectJDKLog [main] Initializing ProtocolHandler ["https-jsse-nio-7070"]
2021-11-16 11:28:08,971 INFO org.apache.juli.logging.DirectJDKLog [main] Starting service [Tomcat]
2021-11-16 11:28:08,971 INFO org.apache.juli.logging.DirectJDKLog [main] Starting Servlet engine: [Apache Tomcat/9.0.54]
2021-11-16 11:28:09,051 INFO org.apache.juli.logging.DirectJDKLog [main] Initializing Spring embedded WebApplicationContext
2021-11-16 11:28:09,051 INFO org.springframework.boot.web.servlet.context.ServletWebServerApplicationContext [main] Root WebApplicationContext: initialization completed in 1069 ms
2021-11-16 11:28:09,161 INFO org.hibernate.jpa.internal.util.LogHelper [main] HHH000204: Processing PersistenceUnitInfo [name: default]
2021-11-16 11:28:09,208 INFO org.hibernate.Version [main] HHH000412: Hibernate ORM core version 5.4.32.Final
2021-11-16 11:28:09,330 INFO org.hibernate.annotations.common.reflection.java.JavaReflectionManager [main] HCANN000001: Hibernate Commons Annotations {5.1.2.Final}
2021-11-16 11:28:09,415 INFO com.zaxxer.hikari.HikariDataSource [main] HikariPool-1 - Starting...
2021-11-16 11:28:09,536 INFO com.zaxxer.hikari.HikariDataSource [main] HikariPool-1 - Start completed.
2021-11-16 11:28:09,560 INFO org.hibernate.dialect.Dialect [main] HHH000400: Using dialect: org.hibernate.dialect.MySQL57Dialect
2021-11-16 11:28:09,962 INFO org.hibernate.engine.transaction.jta.platform.internal.JtaPlatformInitiator [main] HHH000490: Using JtaPlatform implementation: [org.hibernate.engine.transaction.jta.platform.internal.NoJtaPlatform]
2021-11-16 11:28:09,968 INFO org.springframework.orm.jpa.AbstractEntityManagerFactoryBean [main] Initialized JPA EntityManagerFactory for persistence unit 'default'
2021-11-16 11:28:10,288 WARN org.springframework.boot.autoconfigure.orm.jpa.JpaBaseConfiguration$JpaWebConfiguration [main] spring.jpa.open-in-view is enabled by default. Therefore, database queries may be performed during view rendering. Explicitly configure spring.jpa.open-in-view to disable this warning
2021-11-16 11:28:10,535 WARN org.springframework.boot.autoconfigure.thymeleaf.ThymeleafAutoConfiguration$DefaultTemplateResolverConfiguration [main] Cannot find template location: classpath:/templates/ (please add some templates or check your Thymeleaf configuration)
2021-11-16 11:28:10,587 INFO org.apache.juli.logging.DirectJDKLog [main] Starting ProtocolHandler ["https-jsse-nio-7070"]
2021-11-16 11:28:10,733 INFO org.springframework.boot.web.embedded.tomcat.TomcatWebServer [main] Tomcat started on port(s): 7070 (https) with context path ''
2021-11-16 11:28:10,739 INFO springfox.documentation.spring.web.plugins.DocumentationPluginsBootstrapper [main] Context refreshed
2021-11-16 11:28:10,752 INFO springfox.documentation.spring.web.plugins.DocumentationPluginsBootstrapper [main] Found 1 custom documentation plugin(s)
2021-11-16 11:28:10,758 INFO springfox.documentation.spring.web.scanners.ApiListingReferenceScanner [main] Scanning for api listing references
2021-11-16 11:28:10,821 INFO org.springframework.boot.StartupInfoLogger [main] Started OtpGenerationApplication in 3.108 seconds (JVM running for 3.803)
2021-11-16 11:28:10,823 INFO com.rapipay.OTPGeneration.OTPGeneration.OtpGenerationApplication [main] just a test info log
2021-11-16 11:29:23,280 INFO org.apache.juli.logging.DirectJDKLog [https-jsse-nio-7070-exec-3] Initializing Spring DispatcherServlet 'dispatcherServlet'
2021-11-16 11:29:23,281 INFO org.springframework.web.servlet.FrameworkServlet [https-jsse-nio-7070-exec-3] Initializing Servlet 'dispatcherServlet'
2021-11-16 11:29:23,284 INFO org.springframework.web.servlet.FrameworkServlet [https-jsse-nio-7070-exec-3] Completed initialization in 3 ms
2021-11-16 11:29:33,529 INFO com.rapipay.OTPGeneration.OTPGeneration.Controller.ControllerClass [https-jsse-nio-7070-exec-5] inside generate otp in controller
2021-11-16 11:29:33,530 INFO com.rapipay.OTPGeneration.OTPGeneration.Service.ServiceClass [https-jsse-nio-7070-exec-5] inside generate otp in service
2021-11-16 11:31:31,652 INFO com.rapipay.OTPGeneration.OTPGeneration.Controller.ControllerClass [https-jsse-nio-7070-exec-5] inside generate otp in controller
2021-11-16 11:31:31,652 INFO com.rapipay.OTPGeneration.OTPGeneration.Service.ServiceClass [https-jsse-nio-7070-exec-5] inside generate otp in service
2021-11-16 11:43:50,747 INFO org.springframework.boot.admin.SpringApplicationAdminMXBeanRegistrar$SpringApplicationAdmin [RMI TCP Connection(20)-127.0.0.1] Application shutdown requested.
2021-11-16 11:43:50,775 INFO org.springframework.orm.jpa.AbstractEntityManagerFactoryBean [RMI TCP Connection(20)-127.0.0.1] Closing JPA EntityManagerFactory for persistence unit 'default'
2021-11-16 11:43:50,777 INFO com.zaxxer.hikari.HikariDataSource [RMI TCP Connection(20)-127.0.0.1] HikariPool-1 - Shutdown initiated...
2021-11-16 11:43:50,782 INFO com.zaxxer.hikari.HikariDataSource [RMI TCP Connection(20)-127.0.0.1] HikariPool-1 - Shutdown completed.
2021-11-16 11:43:53,344 INFO org.springframework.boot.StartupInfoLogger [main] Starting OtpGenerationApplication using Java 16.0.2 on Prabal-INT054 with PID 20980 (D:\Rapipay Projects\OTP\OTPGeneration\target\classes started by Prabal_Katiyar in D:\Rapipay Projects\OTP\OTPGeneration)
2021-11-16 11:43:53,346 INFO org.springframework.boot.SpringApplication [main] No active profile set, falling back to default profiles: default
2021-11-16 11:43:53,842 INFO org.springframework.data.repository.config.RepositoryConfigurationDelegate [main] Bootstrapping Spring Data JPA repositories in DEFAULT mode.
2021-11-16 11:43:53,878 INFO org.springframework.data.repository.config.RepositoryConfigurationDelegate [main] Finished Spring Data repository scanning in 29 ms. Found 1 JPA repository interfaces.
2021-11-16 11:43:54,229 INFO org.springframework.boot.web.embedded.tomcat.TomcatWebServer [main] Tomcat initialized with port(s): 7070 (https)
2021-11-16 11:43:54,235 INFO org.apache.juli.logging.DirectJDKLog [main] Initializing ProtocolHandler ["https-jsse-nio-7070"]
2021-11-16 11:43:54,236 INFO org.apache.juli.logging.DirectJDKLog [main] Starting service [Tomcat]
2021-11-16 11:43:54,236 INFO org.apache.juli.logging.DirectJDKLog [main] Starting Servlet engine: [Apache Tomcat/9.0.54]
2021-11-16 11:43:54,317 INFO org.apache.juli.logging.DirectJDKLog [main] Initializing Spring embedded WebApplicationContext
2021-11-16 11:43:54,317 INFO org.springframework.boot.web.servlet.context.ServletWebServerApplicationContext [main] Root WebApplicationContext: initialization completed in 944 ms
2021-11-16 11:43:54,411 INFO org.hibernate.jpa.internal.util.LogHelper [main] HHH000204: Processing PersistenceUnitInfo [name: default]
2021-11-16 11:43:54,450 INFO org.hibernate.Version [main] HHH000412: Hibernate ORM core version 5.4.32.Final
2021-11-16 11:43:54,554 INFO org.hibernate.annotations.common.reflection.java.JavaReflectionManager [main] HCANN000001: Hibernate Commons Annotations {5.1.2.Final}
2021-11-16 11:43:54,626 INFO com.zaxxer.hikari.HikariDataSource [main] HikariPool-1 - Starting...
2021-11-16 11:43:54,739 INFO com.zaxxer.hikari.HikariDataSource [main] HikariPool-1 - Start completed.
2021-11-16 11:43:54,757 INFO org.hibernate.dialect.Dialect [main] HHH000400: Using dialect: org.hibernate.dialect.MySQL57Dialect
2021-11-16 11:43:55,145 INFO org.hibernate.engine.transaction.jta.platform.internal.JtaPlatformInitiator [main] HHH000490: Using JtaPlatform implementation: [org.hibernate.engine.transaction.jta.platform.internal.NoJtaPlatform]
2021-11-16 11:43:55,150 INFO org.springframework.orm.jpa.AbstractEntityManagerFactoryBean [main] Initialized JPA EntityManagerFactory for persistence unit 'default'
2021-11-16 11:43:55,425 WARN org.springframework.boot.autoconfigure.orm.jpa.JpaBaseConfiguration$JpaWebConfiguration [main] spring.jpa.open-in-view is enabled by default. Therefore, database queries may be performed during view rendering. Explicitly configure spring.jpa.open-in-view to disable this warning
2021-11-16 11:43:55,667 WARN org.springframework.boot.autoconfigure.thymeleaf.ThymeleafAutoConfiguration$DefaultTemplateResolverConfiguration [main] Cannot find template location: classpath:/templates/ (please add some templates or check your Thymeleaf configuration)
2021-11-16 11:43:55,717 INFO org.apache.juli.logging.DirectJDKLog [main] Starting ProtocolHandler ["https-jsse-nio-7070"]
2021-11-16 11:43:55,852 INFO org.springframework.boot.web.embedded.tomcat.TomcatWebServer [main] Tomcat started on port(s): 7070 (https) with context path ''
2021-11-16 11:43:55,858 INFO springfox.documentation.spring.web.plugins.DocumentationPluginsBootstrapper [main] Context refreshed
2021-11-16 11:43:55,870 INFO springfox.documentation.spring.web.plugins.DocumentationPluginsBootstrapper [main] Found 1 custom documentation plugin(s)
2021-11-16 11:43:55,875 INFO springfox.documentation.spring.web.scanners.ApiListingReferenceScanner [main] Scanning for api listing references
2021-11-16 11:43:55,940 INFO org.springframework.boot.StartupInfoLogger [main] Started OtpGenerationApplication in 2.817 seconds (JVM running for 3.441)
2021-11-16 11:43:55,942 INFO com.rapipay.OTPGeneration.OTPGeneration.OtpGenerationApplication [main] Inside Main Class
2021-11-16 11:44:04,818 INFO org.apache.juli.logging.DirectJDKLog [https-jsse-nio-7070-exec-9] Initializing Spring DispatcherServlet 'dispatcherServlet'
2021-11-16 11:44:04,818 INFO org.springframework.web.servlet.FrameworkServlet [https-jsse-nio-7070-exec-9] Initializing Servlet 'dispatcherServlet'
2021-11-16 11:44:04,819 INFO org.springframework.web.servlet.FrameworkServlet [https-jsse-nio-7070-exec-9] Completed initialization in 0 ms
2021-11-16 11:44:04,838 INFO com.rapipay.OTPGeneration.OTPGeneration.Controller.ControllerClass [https-jsse-nio-7070-exec-9] Inside generateOTP function of Controller Class
2021-11-16 11:44:04,838 INFO com.rapipay.OTPGeneration.OTPGeneration.Service.ServiceClass [https-jsse-nio-7070-exec-9] Inside generateOTP function of Service Class
2021-11-16 11:44:04,877 INFO com.rapipay.OTPGeneration.OTPGeneration.Service.ServiceClass [https-jsse-nio-7070-exec-9] Inside validateEmail function of Service Class
2021-11-16 11:44:04,878 INFO com.rapipay.OTPGeneration.OTPGeneration.Service.ServiceClass [https-jsse-nio-7070-exec-9] Inside createOTP function of Service Class
2021-11-16 11:50:35,926 INFO com.rapipay.OTPGeneration.OTPGeneration.Service.ServiceClass [main] Inside createOTP function of Service Class
2021-11-16 11:50:35,930 INFO com.rapipay.OTPGeneration.OTPGeneration.Service.ServiceClass [main] Inside createOTP function of Service Class
2021-11-16 12:01:09,824 INFO org.springframework.test.context.support.AbstractTestContextBootstrapper [main] Neither @ContextConfiguration nor @ContextHierarchy found for test class [com.rapipay.OTPGeneration.OTPGeneration.Service.ServiceTestClass], using SpringBootContextLoader
2021-11-16 12:01:09,832 INFO org.springframework.test.context.support.AbstractContextLoader [main] Could not detect default resource locations for test class [com.rapipay.OTPGeneration.OTPGeneration.Service.ServiceTestClass]: no resource found for suffixes {-context.xml, Context.groovy}.
2021-11-16 12:01:09,835 INFO org.springframework.test.context.support.AnnotationConfigContextLoaderUtils [main] Could not detect default configuration classes for test class [com.rapipay.OTPGeneration.OTPGeneration.Service.ServiceTestClass]: ServiceTestClass does not declare any static, non-private, non-final, nested classes annotated with @Configuration.
2021-11-16 12:01:09,926 INFO org.springframework.boot.test.context.SpringBootTestContextBootstrapper [main] Found @SpringBootConfiguration com.rapipay.OTPGeneration.OTPGeneration.OtpGenerationApplication for test class com.rapipay.OTPGeneration.OTPGeneration.Service.ServiceTestClass
2021-11-16 12:01:10,023 INFO org.springframework.test.context.support.AbstractTestContextBootstrapper [main] Loaded default TestExecutionListener class names from location [META-INF/spring.factories]: [org.springframework.boot.test.mock.mockito.MockitoTestExecutionListener, org.springframework.boot.test.mock.mockito.ResetMocksTestExecutionListener, org.springframework.boot.test.autoconfigure.restdocs.RestDocsTestExecutionListener, org.springframework.boot.test.autoconfigure.web.client.MockRestServiceServerResetTestExecutionListener, org.springframework.boot.test.autoconfigure.web.servlet.MockMvcPrintOnlyOnFailureTestExecutionListener, org.springframework.boot.test.autoconfigure.web.servlet.WebDriverTestExecutionListener, org.springframework.boot.test.autoconfigure.webservices.client.MockWebServiceServerTestExecutionListener, org.springframework.test.context.web.ServletTestExecutionListener, org.springframework.test.context.support.DirtiesContextBeforeModesTestExecutionListener, org.springframework.test.context.event.ApplicationEventsTestExecutionListener, org.springframework.test.context.support.DependencyInjectionTestExecutionListener, org.springframework.test.context.support.DirtiesContextTestExecutionListener, org.springframework.test.context.transaction.TransactionalTestExecutionListener, org.springframework.test.context.jdbc.SqlScriptsTestExecutionListener, org.springframework.test.context.event.EventPublishingTestExecutionListener, org.springframework.security.test.context.support.WithSecurityContextTestExecutionListener, org.springframework.security.test.context.support.ReactorContextTestExecutionListener]
2021-11-16 12:01:10,043 INFO org.springframework.test.context.support.AbstractTestContextBootstrapper [main] Using TestExecutionListeners: [org.springframework.test.context.web.ServletTestExecutionListener@52b56a3e, org.springframework.test.context.support.DirtiesContextBeforeModesTestExecutionListener@fd0e5b6, org.springframework.test.context.event.ApplicationEventsTestExecutionListener@4eed46ee, org.springframework.boot.test.mock.mockito.MockitoTestExecutionListener@36b0fcd5, org.springframework.boot.test.autoconfigure.SpringBootDependencyInjectionTestExecutionListener@4fad94a7, org.springframework.test.context.support.DirtiesContextTestExecutionListener@475835b1, org.springframework.test.context.transaction.TransactionalTestExecutionListener@6326d182, org.springframework.test.context.jdbc.SqlScriptsTestExecutionListener@5241cf67, org.springframework.test.context.event.EventPublishingTestExecutionListener@716a7124, org.springframework.security.test.context.support.WithSecurityContextTestExecutionListener@77192705, org.springframework.security.test.context.support.ReactorContextTestExecutionListener@226642a5, org.springframework.boot.test.mock.mockito.ResetMocksTestExecutionListener@7e809b79, org.springframework.boot.test.autoconfigure.restdocs.RestDocsTestExecutionListener@5cc126dc, org.springframework.boot.test.autoconfigure.web.client.MockRestServiceServerResetTestExecutionListener@625e134e, org.springframework.boot.test.autoconfigure.web.servlet.MockMvcPrintOnlyOnFailureTestExecutionListener@72bd06ca, org.springframework.boot.test.autoconfigure.web.servlet.WebDriverTestExecutionListener@89c10b7, org.springframework.boot.test.autoconfigure.webservices.client.MockWebServiceServerTestExecutionListener@5dbe30be]
2021-11-16 12:01:10,320 INFO org.springframework.boot.StartupInfoLogger [main] Starting ServiceTestClass using Java 16.0.2 on Prabal-INT054 with PID 16692 (started by Prabal_Katiyar in D:\Rapipay Projects\OTP\OTPGeneration)
2021-11-16 12:01:10,322 INFO org.springframework.boot.SpringApplication [main] No active profile set, falling back to default profiles: default
2021-11-16 12:01:11,062 INFO org.springframework.data.repository.config.RepositoryConfigurationDelegate [main] Bootstrapping Spring Data JPA repositories in DEFAULT mode.
2021-11-16 12:01:11,121 INFO org.springframework.data.repository.config.RepositoryConfigurationDelegate [main] Finished Spring Data repository scanning in 50 ms. Found 1 JPA repository interfaces.
2021-11-16 12:01:11,755 INFO org.hibernate.jpa.internal.util.LogHelper [main] HHH000204: Processing PersistenceUnitInfo [name: default]
2021-11-16 12:01:11,810 INFO org.hibernate.Version [main] HHH000412: Hibernate ORM core version 5.4.32.Final
2021-11-16 12:01:11,928 INFO org.hibernate.annotations.common.reflection.java.JavaReflectionManager [main] HCANN000001: Hibernate Commons Annotations {5.1.2.Final}
2021-11-16 12:01:12,066 INFO com.zaxxer.hikari.HikariDataSource [main] HikariPool-1 - Starting...
2021-11-16 12:01:12,229 INFO com.zaxxer.hikari.HikariDataSource [main] HikariPool-1 - Start completed.
2021-11-16 12:01:12,257 INFO org.hibernate.dialect.Dialect [main] HHH000400: Using dialect: org.hibernate.dialect.MySQL57Dialect
2021-11-16 12:01:12,723 INFO org.hibernate.engine.transaction.jta.platform.internal.JtaPlatformInitiator [main] HHH000490: Using JtaPlatform implementation: [org.hibernate.engine.transaction.jta.platform.internal.NoJtaPlatform]
2021-11-16 12:01:12,729 INFO org.springframework.orm.jpa.AbstractEntityManagerFactoryBean [main] Initialized JPA EntityManagerFactory for persistence unit 'default'
2021-11-16 12:01:13,348 WARN org.springframework.boot.autoconfigure.orm.jpa.JpaBaseConfiguration$JpaWebConfiguration [main] spring.jpa.open-in-view is enabled by default. Therefore, database queries may be performed during view rendering. Explicitly configure spring.jpa.open-in-view to disable this warning
2021-11-16 12:01:14,127 WARN org.springframework.boot.autoconfigure.thymeleaf.ThymeleafAutoConfiguration$DefaultTemplateResolverConfiguration [main] Cannot find template location: classpath:/templates/ (please add some templates or check your Thymeleaf configuration)
2021-11-16 12:01:14,323 INFO springfox.documentation.spring.web.plugins.DocumentationPluginsBootstrapper [main] Context refreshed
2021-11-16 12:01:14,344 INFO springfox.documentation.spring.web.plugins.DocumentationPluginsBootstrapper [main] Found 1 custom documentation plugin(s)
2021-11-16 12:01:14,355 INFO springfox.documentation.spring.web.scanners.ApiListingReferenceScanner [main] Scanning for api listing references
2021-11-16 12:01:14,435 INFO org.springframework.boot.StartupInfoLogger [main] Started ServiceTestClass in 4.351 seconds (JVM running for 5.327)
2021-11-16 12:01:14,676 INFO com.rapipay.OTPGeneration.OTPGeneration.Service.ServiceClass [main] Inside generateOTP function of Service Class
2021-11-16 12:01:14,740 INFO com.rapipay.OTPGeneration.OTPGeneration.Service.ServiceClass [main] Inside validateEmail function of Service Class
2021-11-16 12:01:14,743 INFO com.rapipay.OTPGeneration.OTPGeneration.Service.ServiceClass [main] Inside createOTP function of Service Class
2021-11-16 12:01:19,980 INFO com.rapipay.OTPGeneration.OTPGeneration.Service.ServiceClass [main] Inside createOTP function of Service Class
2021-11-16 12:01:19,991 INFO org.springframework.orm.jpa.AbstractEntityManagerFactoryBean [SpringApplicationShutdownHook] Closing JPA EntityManagerFactory for persistence unit 'default'
2021-11-16 12:01:19,993 INFO com.zaxxer.hikari.HikariDataSource [SpringApplicationShutdownHook] HikariPool-1 - Shutdown initiated...
2021-11-16 12:01:20,001 INFO com.zaxxer.hikari.HikariDataSource [SpringApplicationShutdownHook] HikariPool-1 - Shutdown completed.
2021-11-16 12:03:19,988 INFO org.springframework.test.context.support.AbstractTestContextBootstrapper [main] Neither @ContextConfiguration nor @ContextHierarchy found for test class [com.rapipay.OTPGeneration.OTPGeneration.Service.ServiceTestClass], using SpringBootContextLoader
2021-11-16 12:03:19,997 INFO org.springframework.test.context.support.AbstractContextLoader [main] Could not detect default resource locations for test class [com.rapipay.OTPGeneration.OTPGeneration.Service.ServiceTestClass]: no resource found for suffixes {-context.xml, Context.groovy}.
2021-11-16 12:03:19,998 INFO org.springframework.test.context.support.AnnotationConfigContextLoaderUtils [main] Could not detect default configuration classes for test class [com.rapipay.OTPGeneration.OTPGeneration.Service.ServiceTestClass]: ServiceTestClass does not declare any static, non-private, non-final, nested classes annotated with @Configuration.
2021-11-16 12:03:20,081 INFO org.springframework.boot.test.context.SpringBootTestContextBootstrapper [main] Found @SpringBootConfiguration com.rapipay.OTPGeneration.OTPGeneration.OtpGenerationApplication for test class com.rapipay.OTPGeneration.OTPGeneration.Service.ServiceTestClass
2021-11-16 12:03:20,171 INFO org.springframework.test.context.support.AbstractTestContextBootstrapper [main] Loaded default TestExecutionListener class names from location [META-INF/spring.factories]: [org.springframework.boot.test.mock.mockito.MockitoTestExecutionListener, org.springframework.boot.test.mock.mockito.ResetMocksTestExecutionListener, org.springframework.boot.test.autoconfigure.restdocs.RestDocsTestExecutionListener, org.springframework.boot.test.autoconfigure.web.client.MockRestServiceServerResetTestExecutionListener, org.springframework.boot.test.autoconfigure.web.servlet.MockMvcPrintOnlyOnFailureTestExecutionListener, org.springframework.boot.test.autoconfigure.web.servlet.WebDriverTestExecutionListener, org.springframework.boot.test.autoconfigure.webservices.client.MockWebServiceServerTestExecutionListener, org.springframework.test.context.web.ServletTestExecutionListener, org.springframework.test.context.support.DirtiesContextBeforeModesTestExecutionListener, org.springframework.test.context.event.ApplicationEventsTestExecutionListener, org.springframework.test.context.support.DependencyInjectionTestExecutionListener, org.springframework.test.context.support.DirtiesContextTestExecutionListener, org.springframework.test.context.transaction.TransactionalTestExecutionListener, org.springframework.test.context.jdbc.SqlScriptsTestExecutionListener, org.springframework.test.context.event.EventPublishingTestExecutionListener, org.springframework.security.test.context.support.WithSecurityContextTestExecutionListener, org.springframework.security.test.context.support.ReactorContextTestExecutionListener]
2021-11-16 12:03:20,187 INFO org.springframework.test.context.support.AbstractTestContextBootstrapper [main] Using TestExecutionListeners: [org.springframework.test.context.web.ServletTestExecutionListener@52b56a3e, org.springframework.test.context.support.DirtiesContextBeforeModesTestExecutionListener@fd0e5b6, org.springframework.test.context.event.ApplicationEventsTestExecutionListener@4eed46ee, org.springframework.boot.test.mock.mockito.MockitoTestExecutionListener@36b0fcd5, org.springframework.boot.test.autoconfigure.SpringBootDependencyInjectionTestExecutionListener@4fad94a7, org.springframework.test.context.support.DirtiesContextTestExecutionListener@475835b1, org.springframework.test.context.transaction.TransactionalTestExecutionListener@6326d182, org.springframework.test.context.jdbc.SqlScriptsTestExecutionListener@5241cf67, org.springframework.test.context.event.EventPublishingTestExecutionListener@716a7124, org.springframework.security.test.context.support.WithSecurityContextTestExecutionListener@77192705, org.springframework.security.test.context.support.ReactorContextTestExecutionListener@226642a5, org.springframework.boot.test.mock.mockito.ResetMocksTestExecutionListener@7e809b79, org.springframework.boot.test.autoconfigure.restdocs.RestDocsTestExecutionListener@5cc126dc, org.springframework.boot.test.autoconfigure.web.client.MockRestServiceServerResetTestExecutionListener@625e134e, org.springframework.boot.test.autoconfigure.web.servlet.MockMvcPrintOnlyOnFailureTestExecutionListener@72bd06ca, org.springframework.boot.test.autoconfigure.web.servlet.WebDriverTestExecutionListener@89c10b7, org.springframework.boot.test.autoconfigure.webservices.client.MockWebServiceServerTestExecutionListener@5dbe30be]
2021-11-16 12:03:20,444 INFO org.springframework.boot.StartupInfoLogger [main] Starting ServiceTestClass using Java 16.0.2 on Prabal-INT054 with PID 10000 (started by Prabal_Katiyar in D:\Rapipay Projects\OTP\OTPGeneration)
2021-11-16 12:03:20,446 INFO org.springframework.boot.SpringApplication [main] No active profile set, falling back to default profiles: default
2021-11-16 12:03:21,157 INFO org.springframework.data.repository.config.RepositoryConfigurationDelegate [main] Bootstrapping Spring Data JPA repositories in DEFAULT mode.
2021-11-16 12:03:21,223 INFO org.springframework.data.repository.config.RepositoryConfigurationDelegate [main] Finished Spring Data repository scanning in 54 ms. Found 1 JPA repository interfaces.
2021-11-16 12:03:21,780 INFO org.hibernate.jpa.internal.util.LogHelper [main] HHH000204: Processing PersistenceUnitInfo [name: default]
2021-11-16 12:03:21,818 INFO org.hibernate.Version [main] HHH000412: Hibernate ORM core version 5.4.32.Final
2021-11-16 12:03:21,943 INFO org.hibernate.annotations.common.reflection.java.JavaReflectionManager [main] HCANN000001: Hibernate Commons Annotations {5.1.2.Final}
2021-11-16 12:03:22,085 INFO com.zaxxer.hikari.HikariDataSource [main] HikariPool-1 - Starting...
2021-11-16 12:03:22,244 INFO com.zaxxer.hikari.HikariDataSource [main] HikariPool-1 - Start completed.
2021-11-16 12:03:22,265 INFO org.hibernate.dialect.Dialect [main] HHH000400: Using dialect: org.hibernate.dialect.MySQL57Dialect
2021-11-16 12:03:22,689 INFO org.hibernate.engine.transaction.jta.platform.internal.JtaPlatformInitiator [main] HHH000490: Using JtaPlatform implementation: [org.hibernate.engine.transaction.jta.platform.internal.NoJtaPlatform]
2021-11-16 12:03:22,697 INFO org.springframework.orm.jpa.AbstractEntityManagerFactoryBean [main] Initialized JPA EntityManagerFactory for persistence unit 'default'
2021-11-16 12:03:23,300 WARN org.springframework.boot.autoconfigure.orm.jpa.JpaBaseConfiguration$JpaWebConfiguration [main] spring.jpa.open-in-view is enabled by default. Therefore, database queries may be performed during view rendering. Explicitly configure spring.jpa.open-in-view to disable this warning
2021-11-16 12:03:24,023 WARN org.springframework.boot.autoconfigure.thymeleaf.ThymeleafAutoConfiguration$DefaultTemplateResolverConfiguration [main] Cannot find template location: classpath:/templates/ (please add some templates or check your Thymeleaf configuration)
2021-11-16 12:03:24,193 INFO springfox.documentation.spring.web.plugins.DocumentationPluginsBootstrapper [main] Context refreshed
2021-11-16 12:03:24,211 INFO springfox.documentation.spring.web.plugins.DocumentationPluginsBootstrapper [main] Found 1 custom documentation plugin(s)
2021-11-16 12:03:24,218 INFO springfox.documentation.spring.web.scanners.ApiListingReferenceScanner [main] Scanning for api listing references
2021-11-16 12:03:24,281 INFO org.springframework.boot.StartupInfoLogger [main] Started ServiceTestClass in 4.056 seconds (JVM running for 5.054)
2021-11-16 12:03:24,475 INFO com.rapipay.OTPGeneration.OTPGeneration.Service.ServiceClass [main] Inside generateOTP function of Service Class
2021-11-16 12:03:24,515 INFO com.rapipay.OTPGeneration.OTPGeneration.Service.ServiceClass [main] Inside validateEmail function of Service Class
2021-11-16 12:03:24,516 INFO com.rapipay.OTPGeneration.OTPGeneration.Service.ServiceClass [main] Inside createOTP function of Service Class
2021-11-16 12:03:29,514 INFO com.rapipay.OTPGeneration.OTPGeneration.Service.ServiceClass [main] Inside generateOTP function of Service Class
2021-11-16 12:03:29,527 INFO org.springframework.orm.jpa.AbstractEntityManagerFactoryBean [SpringApplicationShutdownHook] Closing JPA EntityManagerFactory for persistence unit 'default'
2021-11-16 12:03:29,529 INFO com.zaxxer.hikari.HikariDataSource [SpringApplicationShutdownHook] HikariPool-1 - Shutdown initiated...
2021-11-16 12:03:29,537 INFO com.zaxxer.hikari.HikariDataSource [SpringApplicationShutdownHook] HikariPool-1 - Shutdown completed.
2021-11-16 12:04:54,806 INFO org.springframework.test.context.support.AbstractTestContextBootstrapper [main] Neither @ContextConfiguration nor @ContextHierarchy found for test class [com.rapipay.OTPGeneration.OTPGeneration.Service.ServiceTestClass], using SpringBootContextLoader
2021-11-16 12:04:54,817 INFO org.springframework.test.context.support.AbstractContextLoader [main] Could not detect default resource locations for test class [com.rapipay.OTPGeneration.OTPGeneration.Service.ServiceTestClass]: no resource found for suffixes {-context.xml, Context.groovy}.
2021-11-16 12:04:54,818 INFO org.springframework.test.context.support.AnnotationConfigContextLoaderUtils [main] Could not detect default configuration classes for test class [com.rapipay.OTPGeneration.OTPGeneration.Service.ServiceTestClass]: ServiceTestClass does not declare any static, non-private, non-final, nested classes annotated with @Configuration.
2021-11-16 12:04:54,933 INFO org.springframework.boot.test.context.SpringBootTestContextBootstrapper [main] Found @SpringBootConfiguration com.rapipay.OTPGeneration.OTPGeneration.OtpGenerationApplication for test class com.rapipay.OTPGeneration.OTPGeneration.Service.ServiceTestClass
2021-11-16 12:04:55,060 INFO org.springframework.test.context.support.AbstractTestContextBootstrapper [main] Loaded default TestExecutionListener class names from location [META-INF/spring.factories]: [org.springframework.boot.test.mock.mockito.MockitoTestExecutionListener, org.springframework.boot.test.mock.mockito.ResetMocksTestExecutionListener, org.springframework.boot.test.autoconfigure.restdocs.RestDocsTestExecutionListener, org.springframework.boot.test.autoconfigure.web.client.MockRestServiceServerResetTestExecutionListener, org.springframework.boot.test.autoconfigure.web.servlet.MockMvcPrintOnlyOnFailureTestExecutionListener, org.springframework.boot.test.autoconfigure.web.servlet.WebDriverTestExecutionListener, org.springframework.boot.test.autoconfigure.webservices.client.MockWebServiceServerTestExecutionListener, org.springframework.test.context.web.ServletTestExecutionListener, org.springframework.test.context.support.DirtiesContextBeforeModesTestExecutionListener, org.springframework.test.context.event.ApplicationEventsTestExecutionListener, org.springframework.test.context.support.DependencyInjectionTestExecutionListener, org.springframework.test.context.support.DirtiesContextTestExecutionListener, org.springframework.test.context.transaction.TransactionalTestExecutionListener, org.springframework.test.context.jdbc.SqlScriptsTestExecutionListener, org.springframework.test.context.event.EventPublishingTestExecutionListener, org.springframework.security.test.context.support.WithSecurityContextTestExecutionListener, org.springframework.security.test.context.support.ReactorContextTestExecutionListener]
2021-11-16 12:04:55,082 INFO org.springframework.test.context.support.AbstractTestContextBootstrapper [main] Using TestExecutionListeners: [org.springframework.test.context.web.ServletTestExecutionListener@52b56a3e, org.springframework.test.context.support.DirtiesContextBeforeModesTestExecutionListener@fd0e5b6, org.springframework.test.context.event.ApplicationEventsTestExecutionListener@4eed46ee, org.springframework.boot.test.mock.mockito.MockitoTestExecutionListener@36b0fcd5, org.springframework.boot.test.autoconfigure.SpringBootDependencyInjectionTestExecutionListener@4fad94a7, org.springframework.test.context.support.DirtiesContextTestExecutionListener@475835b1, org.springframework.test.context.transaction.TransactionalTestExecutionListener@6326d182, org.springframework.test.context.jdbc.SqlScriptsTestExecutionListener@5241cf67, org.springframework.test.context.event.EventPublishingTestExecutionListener@716a7124, org.springframework.security.test.context.support.WithSecurityContextTestExecutionListener@77192705, org.springframework.security.test.context.support.ReactorContextTestExecutionListener@226642a5, org.springframework.boot.test.mock.mockito.ResetMocksTestExecutionListener@7e809b79, org.springframework.boot.test.autoconfigure.restdocs.RestDocsTestExecutionListener@5cc126dc, org.springframework.boot.test.autoconfigure.web.client.MockRestServiceServerResetTestExecutionListener@625e134e, org.springframework.boot.test.autoconfigure.web.servlet.MockMvcPrintOnlyOnFailureTestExecutionListener@72bd06ca, org.springframework.boot.test.autoconfigure.web.servlet.WebDriverTestExecutionListener@89c10b7, org.springframework.boot.test.autoconfigure.webservices.client.MockWebServiceServerTestExecutionListener@5dbe30be]
2021-11-16 12:04:55,378 INFO org.springframework.boot.StartupInfoLogger [main] Starting ServiceTestClass using Java 16.0.2 on Prabal-INT054 with PID 21864 (started by Prabal_Katiyar in D:\Rapipay Projects\OTP\OTPGeneration)
2021-11-16 12:04:55,381 INFO org.springframework.boot.SpringApplication [main] No active profile set, falling back to default profiles: default
2021-11-16 12:04:56,185 INFO org.springframework.data.repository.config.RepositoryConfigurationDelegate [main] Bootstrapping Spring Data JPA repositories in DEFAULT mode.
2021-11-16 12:04:56,246 INFO org.springframework.data.repository.config.RepositoryConfigurationDelegate [main] Finished Spring Data repository scanning in 52 ms. Found 1 JPA repository interfaces.
2021-11-16 12:04:56,888 INFO org.hibernate.jpa.internal.util.LogHelper [main] HHH000204: Processing PersistenceUnitInfo [name: default]
2021-11-16 12:04:56,929 INFO org.hibernate.Version [main] HHH000412: Hibernate ORM core version 5.4.32.Final
2021-11-16 12:04:57,066 INFO org.hibernate.annotations.common.reflection.java.JavaReflectionManager [main] HCANN000001: Hibernate Commons Annotations {5.1.2.Final}
2021-11-16 12:04:57,216 INFO com.zaxxer.hikari.HikariDataSource [main] HikariPool-1 - Starting...
2021-11-16 12:04:57,382 INFO com.zaxxer.hikari.HikariDataSource [main] HikariPool-1 - Start completed.
2021-11-16 12:04:57,405 INFO org.hibernate.dialect.Dialect [main] HHH000400: Using dialect: org.hibernate.dialect.MySQL57Dialect
2021-11-16 12:04:57,893 INFO org.hibernate.engine.transaction.jta.platform.internal.JtaPlatformInitiator [main] HHH000490: Using JtaPlatform implementation: [org.hibernate.engine.transaction.jta.platform.internal.NoJtaPlatform]
2021-11-16 12:04:57,902 INFO org.springframework.orm.jpa.AbstractEntityManagerFactoryBean [main] Initialized JPA EntityManagerFactory for persistence unit 'default'
2021-11-16 12:04:58,558 WARN org.springframework.boot.autoconfigure.orm.jpa.JpaBaseConfiguration$JpaWebConfiguration [main] spring.jpa.open-in-view is enabled by default. Therefore, database queries may be performed during view rendering. Explicitly configure spring.jpa.open-in-view to disable this warning
2021-11-16 12:04:59,354 WARN org.springframework.boot.autoconfigure.thymeleaf.ThymeleafAutoConfiguration$DefaultTemplateResolverConfiguration [main] Cannot find template location: classpath:/templates/ (please add some templates or check your Thymeleaf configuration)
2021-11-16 12:04:59,569 INFO springfox.documentation.spring.web.plugins.DocumentationPluginsBootstrapper [main] Context refreshed
2021-11-16 12:04:59,585 INFO springfox.documentation.spring.web.plugins.DocumentationPluginsBootstrapper [main] Found 1 custom documentation plugin(s)
2021-11-16 12:04:59,593 INFO springfox.documentation.spring.web.scanners.ApiListingReferenceScanner [main] Scanning for api listing references
2021-11-16 12:04:59,686 INFO org.springframework.boot.StartupInfoLogger [main] Started ServiceTestClass in 4.555 seconds (JVM running for 5.711)
2021-11-16 12:04:59,951 INFO com.rapipay.OTPGeneration.OTPGeneration.Service.ServiceClass [main] Inside generateOTP function of Service Class
2021-11-16 12:05:00,008 INFO com.rapipay.OTPGeneration.OTPGeneration.Service.ServiceClass [main] Inside validateEmail function of Service Class
2021-11-16 12:05:00,010 INFO com.rapipay.OTPGeneration.OTPGeneration.Service.ServiceClass [main] Inside createOTP function of Service Class
2021-11-16 12:05:04,782 INFO com.rapipay.OTPGeneration.OTPGeneration.Service.ServiceClass [main] Inside generateOTP function of Service Class
2021-11-16 12:05:04,798 INFO org.springframework.orm.jpa.AbstractEntityManagerFactoryBean [SpringApplicationShutdownHook] Closing JPA EntityManagerFactory for persistence unit 'default'
2021-11-16 12:05:04,800 INFO com.zaxxer.hikari.HikariDataSource [SpringApplicationShutdownHook] HikariPool-1 - Shutdown initiated...
2021-11-16 12:05:04,809 INFO com.zaxxer.hikari.HikariDataSource [SpringApplicationShutdownHook] HikariPool-1 - Shutdown completed.
2021-11-16 12:06:23,272 INFO org.springframework.test.context.support.AbstractTestContextBootstrapper [main] Neither @ContextConfiguration nor @ContextHierarchy found for test class [com.rapipay.OTPGeneration.OTPGeneration.Service.ServiceTestClass], using SpringBootContextLoader
2021-11-16 12:06:23,279 INFO org.springframework.test.context.support.AbstractContextLoader [main] Could not detect default resource locations for test class [com.rapipay.OTPGeneration.OTPGeneration.Service.ServiceTestClass]: no resource found for suffixes {-context.xml, Context.groovy}.
2021-11-16 12:06:23,281 INFO org.springframework.test.context.support.AnnotationConfigContextLoaderUtils [main] Could not detect default configuration classes for test class [com.rapipay.OTPGeneration.OTPGeneration.Service.ServiceTestClass]: ServiceTestClass does not declare any static, non-private, non-final, nested classes annotated with @Configuration.
2021-11-16 12:06:23,387 INFO org.springframework.boot.test.context.SpringBootTestContextBootstrapper [main] Found @SpringBootConfiguration com.rapipay.OTPGeneration.OTPGeneration.OtpGenerationApplication for test class com.rapipay.OTPGeneration.OTPGeneration.Service.ServiceTestClass
2021-11-16 12:06:23,489 INFO org.springframework.test.context.support.AbstractTestContextBootstrapper [main] Loaded default TestExecutionListener class names from location [META-INF/spring.factories]: [org.springframework.boot.test.mock.mockito.MockitoTestExecutionListener, org.springframework.boot.test.mock.mockito.ResetMocksTestExecutionListener, org.springframework.boot.test.autoconfigure.restdocs.RestDocsTestExecutionListener, org.springframework.boot.test.autoconfigure.web.client.MockRestServiceServerResetTestExecutionListener, org.springframework.boot.test.autoconfigure.web.servlet.MockMvcPrintOnlyOnFailureTestExecutionListener, org.springframework.boot.test.autoconfigure.web.servlet.WebDriverTestExecutionListener, org.springframework.boot.test.autoconfigure.webservices.client.MockWebServiceServerTestExecutionListener, org.springframework.test.context.web.ServletTestExecutionListener, org.springframework.test.context.support.DirtiesContextBeforeModesTestExecutionListener, org.springframework.test.context.event.ApplicationEventsTestExecutionListener, org.springframework.test.context.support.DependencyInjectionTestExecutionListener, org.springframework.test.context.support.DirtiesContextTestExecutionListener, org.springframework.test.context.transaction.TransactionalTestExecutionListener, org.springframework.test.context.jdbc.SqlScriptsTestExecutionListener, org.springframework.test.context.event.EventPublishingTestExecutionListener, org.springframework.security.test.context.support.WithSecurityContextTestExecutionListener, org.springframework.security.test.context.support.ReactorContextTestExecutionListener]
2021-11-16 12:06:23,510 INFO org.springframework.test.context.support.AbstractTestContextBootstrapper [main] Using TestExecutionListeners: [org.springframework.test.context.web.ServletTestExecutionListener@52b56a3e, org.springframework.test.context.support.DirtiesContextBeforeModesTestExecutionListener@fd0e5b6, org.springframework.test.context.event.ApplicationEventsTestExecutionListener@4eed46ee, org.springframework.boot.test.mock.mockito.MockitoTestExecutionListener@36b0fcd5, org.springframework.boot.test.autoconfigure.SpringBootDependencyInjectionTestExecutionListener@4fad94a7, org.springframework.test.context.support.DirtiesContextTestExecutionListener@475835b1, org.springframework.test.context.transaction.TransactionalTestExecutionListener@6326d182, org.springframework.test.context.jdbc.SqlScriptsTestExecutionListener@5241cf67, org.springframework.test.context.event.EventPublishingTestExecutionListener@716a7124, org.springframework.security.test.context.support.WithSecurityContextTestExecutionListener@77192705, org.springframework.security.test.context.support.ReactorContextTestExecutionListener@226642a5, org.springframework.boot.test.mock.mockito.ResetMocksTestExecutionListener@7e809b79, org.springframework.boot.test.autoconfigure.restdocs.RestDocsTestExecutionListener@5cc126dc, org.springframework.boot.test.autoconfigure.web.client.MockRestServiceServerResetTestExecutionListener@625e134e, org.springframework.boot.test.autoconfigure.web.servlet.MockMvcPrintOnlyOnFailureTestExecutionListener@72bd06ca, org.springframework.boot.test.autoconfigure.web.servlet.WebDriverTestExecutionListener@89c10b7, org.springframework.boot.test.autoconfigure.webservices.client.MockWebServiceServerTestExecutionListener@5dbe30be]
2021-11-16 12:06:23,816 INFO org.springframework.boot.StartupInfoLogger [main] Starting ServiceTestClass using Java 16.0.2 on Prabal-INT054 with PID 6508 (started by Prabal_Katiyar in D:\Rapipay Projects\OTP\OTPGeneration)
2021-11-16 12:06:23,819 INFO org.springframework.boot.SpringApplication [main] No active profile set, falling back to default profiles: default
2021-11-16 12:06:24,698 INFO org.springframework.data.repository.config.RepositoryConfigurationDelegate [main] Bootstrapping Spring Data JPA repositories in DEFAULT mode.
2021-11-16 12:06:24,764 INFO org.springframework.data.repository.config.RepositoryConfigurationDelegate [main] Finished Spring Data repository scanning in 56 ms. Found 1 JPA repository interfaces.
2021-11-16 12:06:25,421 INFO org.hibernate.jpa.internal.util.LogHelper [main] HHH000204: Processing PersistenceUnitInfo [name: default]
2021-11-16 12:06:25,471 INFO org.hibernate.Version [main] HHH000412: Hibernate ORM core version 5.4.32.Final
2021-11-16 12:06:25,611 INFO org.hibernate.annotations.common.reflection.java.JavaReflectionManager [main] HCANN000001: Hibernate Commons Annotations {5.1.2.Final}
2021-11-16 12:06:25,759 INFO com.zaxxer.hikari.HikariDataSource [main] HikariPool-1 - Starting...
2021-11-16 12:06:25,950 INFO com.zaxxer.hikari.HikariDataSource [main] HikariPool-1 - Start completed.
2021-11-16 12:06:25,979 INFO org.hibernate.dialect.Dialect [main] HHH000400: Using dialect: org.hibernate.dialect.MySQL57Dialect
2021-11-16 12:06:26,477 INFO org.hibernate.engine.transaction.jta.platform.internal.JtaPlatformInitiator [main] HHH000490: Using JtaPlatform implementation: [org.hibernate.engine.transaction.jta.platform.internal.NoJtaPlatform]
2021-11-16 12:06:26,485 INFO org.springframework.orm.jpa.AbstractEntityManagerFactoryBean [main] Initialized JPA EntityManagerFactory for persistence unit 'default'
2021-11-16 12:06:27,141 WARN org.springframework.boot.autoconfigure.orm.jpa.JpaBaseConfiguration$JpaWebConfiguration [main] spring.jpa.open-in-view is enabled by default. Therefore, database queries may be performed during view rendering. Explicitly configure spring.jpa.open-in-view to disable this warning
2021-11-16 12:06:27,990 WARN org.springframework.boot.autoconfigure.thymeleaf.ThymeleafAutoConfiguration$DefaultTemplateResolverConfiguration [main] Cannot find template location: classpath:/templates/ (please add some templates or check your Thymeleaf configuration)
2021-11-16 12:06:28,202 INFO springfox.documentation.spring.web.plugins.DocumentationPluginsBootstrapper [main] Context refreshed
2021-11-16 12:06:28,221 INFO springfox.documentation.spring.web.plugins.DocumentationPluginsBootstrapper [main] Found 1 custom documentation plugin(s)
2021-11-16 12:06:28,227 INFO springfox.documentation.spring.web.scanners.ApiListingReferenceScanner [main] Scanning for api listing references
2021-11-16 12:06:28,306 INFO org.springframework.boot.StartupInfoLogger [main] Started ServiceTestClass in 4.753 seconds (JVM running for 5.867)
2021-11-16 12:06:28,550 INFO com.rapipay.OTPGeneration.OTPGeneration.Service.ServiceClass [main] Inside generateOTP function of Service Class
2021-11-16 12:06:28,609 INFO com.rapipay.OTPGeneration.OTPGeneration.Service.ServiceClass [main] Inside validateEmail function of Service Class
2021-11-16 12:06:28,609 INFO com.rapipay.OTPGeneration.OTPGeneration.Service.ServiceClass [main] Inside createOTP function of Service Class
2021-11-16 12:06:33,072 INFO com.rapipay.OTPGeneration.OTPGeneration.Service.ServiceClass [main] Inside generateOTP function of Service Class
2021-11-16 12:06:33,076 INFO com.rapipay.OTPGeneration.OTPGeneration.Service.ServiceClass [main] Inside validateEmail function of Service Class
2021-11-16 12:06:33,077 INFO com.rapipay.OTPGeneration.OTPGeneration.Service.ServiceClass [main] Inside createOTP function of Service Class
2021-11-16 12:06:37,296 INFO org.springframework.orm.jpa.AbstractEntityManagerFactoryBean [SpringApplicationShutdownHook] Closing JPA EntityManagerFactory for persistence unit 'default'
2021-11-16 12:06:37,299 INFO com.zaxxer.hikari.HikariDataSource [SpringApplicationShutdownHook] HikariPool-1 - Shutdown initiated...
2021-11-16 12:06:37,309 INFO com.zaxxer.hikari.HikariDataSource [SpringApplicationShutdownHook] HikariPool-1 - Shutdown completed.
2021-11-16 12:09:41,764 INFO org.springframework.test.context.support.AbstractTestContextBootstrapper [main] Neither @ContextConfiguration nor @ContextHierarchy found for test class [com.rapipay.OTPGeneration.OTPGeneration.Service.ServiceTestClass], using SpringBootContextLoader
2021-11-16 12:09:41,775 INFO org.springframework.test.context.support.AbstractContextLoader [main] Could not detect default resource locations for test class [com.rapipay.OTPGeneration.OTPGeneration.Service.ServiceTestClass]: no resource found for suffixes {-context.xml, Context.groovy}.
2021-11-16 12:09:41,776 INFO org.springframework.test.context.support.AnnotationConfigContextLoaderUtils [main] Could not detect default configuration classes for test class [com.rapipay.OTPGeneration.OTPGeneration.Service.ServiceTestClass]: ServiceTestClass does not declare any static, non-private, non-final, nested classes annotated with @Configuration.
2021-11-16 12:09:41,917 INFO org.springframework.boot.test.context.SpringBootTestContextBootstrapper [main] Found @SpringBootConfiguration com.rapipay.OTPGeneration.OTPGeneration.OtpGenerationApplication for test class com.rapipay.OTPGeneration.OTPGeneration.Service.ServiceTestClass
2021-11-16 12:09:42,079 INFO org.springframework.test.context.support.AbstractTestContextBootstrapper [main] Loaded default TestExecutionListener class names from location [META-INF/spring.factories]: [org.springframework.boot.test.mock.mockito.MockitoTestExecutionListener, org.springframework.boot.test.mock.mockito.ResetMocksTestExecutionListener, org.springframework.boot.test.autoconfigure.restdocs.RestDocsTestExecutionListener, org.springframework.boot.test.autoconfigure.web.client.MockRestServiceServerResetTestExecutionListener, org.springframework.boot.test.autoconfigure.web.servlet.MockMvcPrintOnlyOnFailureTestExecutionListener, org.springframework.boot.test.autoconfigure.web.servlet.WebDriverTestExecutionListener, org.springframework.boot.test.autoconfigure.webservices.client.MockWebServiceServerTestExecutionListener, org.springframework.test.context.web.ServletTestExecutionListener, org.springframework.test.context.support.DirtiesContextBeforeModesTestExecutionListener, org.springframework.test.context.event.ApplicationEventsTestExecutionListener, org.springframework.test.context.support.DependencyInjectionTestExecutionListener, org.springframework.test.context.support.DirtiesContextTestExecutionListener, org.springframework.test.context.transaction.TransactionalTestExecutionListener, org.springframework.test.context.jdbc.SqlScriptsTestExecutionListener, org.springframework.test.context.event.EventPublishingTestExecutionListener, org.springframework.security.test.context.support.WithSecurityContextTestExecutionListener, org.springframework.security.test.context.support.ReactorContextTestExecutionListener]
2021-11-16 12:09:42,116 INFO org.springframework.test.context.support.AbstractTestContextBootstrapper [main] Using TestExecutionListeners: [org.springframework.test.context.web.ServletTestExecutionListener@52b56a3e, org.springframework.test.context.support.DirtiesContextBeforeModesTestExecutionListener@fd0e5b6, org.springframework.test.context.event.ApplicationEventsTestExecutionListener@4eed46ee, org.springframework.boot.test.mock.mockito.MockitoTestExecutionListener@36b0fcd5, org.springframework.boot.test.autoconfigure.SpringBootDependencyInjectionTestExecutionListener@4fad94a7, org.springframework.test.context.support.DirtiesContextTestExecutionListener@475835b1, org.springframework.test.context.transaction.TransactionalTestExecutionListener@6326d182, org.springframework.test.context.jdbc.SqlScriptsTestExecutionListener@5241cf67, org.springframework.test.context.event.EventPublishingTestExecutionListener@716a7124, org.springframework.security.test.context.support.WithSecurityContextTestExecutionListener@77192705, org.springframework.security.test.context.support.ReactorContextTestExecutionListener@226642a5, org.springframework.boot.test.mock.mockito.ResetMocksTestExecutionListener@7e809b79, org.springframework.boot.test.autoconfigure.restdocs.RestDocsTestExecutionListener@5cc126dc, org.springframework.boot.test.autoconfigure.web.client.MockRestServiceServerResetTestExecutionListener@625e134e, org.springframework.boot.test.autoconfigure.web.servlet.MockMvcPrintOnlyOnFailureTestExecutionListener@72bd06ca, org.springframework.boot.test.autoconfigure.web.servlet.WebDriverTestExecutionListener@89c10b7, org.springframework.boot.test.autoconfigure.webservices.client.MockWebServiceServerTestExecutionListener@5dbe30be]
2021-11-16 12:09:42,651 INFO org.springframework.boot.StartupInfoLogger [main] Starting ServiceTestClass using Java 16.0.2 on Prabal-INT054 with PID 21256 (started by Prabal_Katiyar in D:\Rapipay Projects\OTP\OTPGeneration)
2021-11-16 12:09:42,658 INFO org.springframework.boot.SpringApplication [main] No active profile set, falling back to default profiles: default
2021-11-16 12:09:43,870 INFO org.springframework.data.repository.config.RepositoryConfigurationDelegate [main] Bootstrapping Spring Data JPA repositories in DEFAULT mode.
2021-11-16 12:09:43,968 INFO org.springframework.data.repository.config.RepositoryConfigurationDelegate [main] Finished Spring Data repository scanning in 84 ms. Found 1 JPA repository interfaces.
2021-11-16 12:09:44,828 INFO org.hibernate.jpa.internal.util.LogHelper [main] HHH000204: Processing PersistenceUnitInfo [name: default]
2021-11-16 12:09:44,882 INFO org.hibernate.Version [main] HHH000412: Hibernate ORM core version 5.4.32.Final
2021-11-16 12:09:45,085 INFO org.hibernate.annotations.common.reflection.java.JavaReflectionManager [main] HCANN000001: Hibernate Commons Annotations {5.1.2.Final}
2021-11-16 12:09:45,279 INFO com.zaxxer.hikari.HikariDataSource [main] HikariPool-1 - Starting...
2021-11-16 12:09:45,533 INFO com.zaxxer.hikari.HikariDataSource [main] HikariPool-1 - Start completed.
2021-11-16 12:09:45,571 INFO org.hibernate.dialect.Dialect [main] HHH000400: Using dialect: org.hibernate.dialect.MySQL57Dialect
2021-11-16 12:09:46,410 INFO org.hibernate.engine.transaction.jta.platform.internal.JtaPlatformInitiator [main] HHH000490: Using JtaPlatform implementation: [org.hibernate.engine.transaction.jta.platform.internal.NoJtaPlatform]
2021-11-16 12:09:46,421 INFO org.springframework.orm.jpa.AbstractEntityManagerFactoryBean [main] Initialized JPA EntityManagerFactory for persistence unit 'default'
2021-11-16 12:09:47,409 WARN org.springframework.boot.autoconfigure.orm.jpa.JpaBaseConfiguration$JpaWebConfiguration [main] spring.jpa.open-in-view is enabled by default. Therefore, database queries may be performed during view rendering. Explicitly configure spring.jpa.open-in-view to disable this warning
2021-11-16 12:09:48,852 WARN org.springframework.boot.autoconfigure.thymeleaf.ThymeleafAutoConfiguration$DefaultTemplateResolverConfiguration [main] Cannot find template location: classpath:/templates/ (please add some templates or check your Thymeleaf configuration)
2021-11-16 12:09:49,276 INFO springfox.documentation.spring.web.plugins.DocumentationPluginsBootstrapper [main] Context refreshed
2021-11-16 12:09:49,297 INFO springfox.documentation.spring.web.plugins.DocumentationPluginsBootstrapper [main] Found 1 custom documentation plugin(s)
2021-11-16 12:09:49,308 INFO springfox.documentation.spring.web.scanners.ApiListingReferenceScanner [main] Scanning for api listing references
2021-11-16 12:09:49,431 INFO org.springframework.boot.StartupInfoLogger [main] Started ServiceTestClass in 7.23 seconds (JVM running for 8.764)
2021-11-16 12:09:49,814 INFO com.rapipay.OTPGeneration.OTPGeneration.Service.ServiceClass [main] Inside generateOTP function of Service Class
2021-11-16 12:09:49,927 INFO com.rapipay.OTPGeneration.OTPGeneration.Service.ServiceClass [main] Inside validateEmail function of Service Class
2021-11-16 12:09:49,928 INFO com.rapipay.OTPGeneration.OTPGeneration.Service.ServiceClass [main] Inside createOTP function of Service Class
2021-11-16 12:09:54,852 INFO com.rapipay.OTPGeneration.OTPGeneration.Service.ServiceClass [main] Inside generateOTP function of Service Class
2021-11-16 12:09:54,855 INFO com.rapipay.OTPGeneration.OTPGeneration.Service.ServiceClass [main] Inside validateEmail function of Service Class
2021-11-16 12:09:54,856 INFO com.rapipay.OTPGeneration.OTPGeneration.Service.ServiceClass [main] Inside createOTP function of Service Class
2021-11-16 12:09:59,553 INFO org.springframework.orm.jpa.AbstractEntityManagerFactoryBean [SpringApplicationShutdownHook] Closing JPA EntityManagerFactory for persistence unit 'default'
2021-11-16 12:09:59,558 INFO com.zaxxer.hikari.HikariDataSource [SpringApplicationShutdownHook] HikariPool-1 - Shutdown initiated...
2021-11-16 12:09:59,570 INFO com.zaxxer.hikari.HikariDataSource [SpringApplicationShutdownHook] HikariPool-1 - Shutdown completed.
2021-11-16 12:23:34,899 INFO org.springframework.test.context.support.AbstractTestContextBootstrapper [main] Neither @ContextConfiguration nor @ContextHierarchy found for test class [com.rapipay.OTPGeneration.OTPGeneration.Service.ServiceTestClass], using SpringBootContextLoader
2021-11-16 12:23:34,908 INFO org.springframework.test.context.support.AbstractContextLoader [main] Could not detect default resource locations for test class [com.rapipay.OTPGeneration.OTPGeneration.Service.ServiceTestClass]: no resource found for suffixes {-context.xml, Context.groovy}.
2021-11-16 12:23:34,909 INFO org.springframework.test.context.support.AnnotationConfigContextLoaderUtils [main] Could not detect default configuration classes for test class [com.rapipay.OTPGeneration.OTPGeneration.Service.ServiceTestClass]: ServiceTestClass does not declare any static, non-private, non-final, nested classes annotated with @Configuration.
2021-11-16 12:23:35,011 INFO org.springframework.boot.test.context.SpringBootTestContextBootstrapper [main] Found @SpringBootConfiguration com.rapipay.OTPGeneration.OTPGeneration.OtpGenerationApplication for test class com.rapipay.OTPGeneration.OTPGeneration.Service.ServiceTestClass
2021-11-16 12:23:35,125 INFO org.springframework.test.context.support.AbstractTestContextBootstrapper [main] Loaded default TestExecutionListener class names from location [META-INF/spring.factories]: [org.springframework.boot.test.mock.mockito.MockitoTestExecutionListener, org.springframework.boot.test.mock.mockito.ResetMocksTestExecutionListener, org.springframework.boot.test.autoconfigure.restdocs.RestDocsTestExecutionListener, org.springframework.boot.test.autoconfigure.web.client.MockRestServiceServerResetTestExecutionListener, org.springframework.boot.test.autoconfigure.web.servlet.MockMvcPrintOnlyOnFailureTestExecutionListener, org.springframework.boot.test.autoconfigure.web.servlet.WebDriverTestExecutionListener, org.springframework.boot.test.autoconfigure.webservices.client.MockWebServiceServerTestExecutionListener, org.springframework.test.context.web.ServletTestExecutionListener, org.springframework.test.context.support.DirtiesContextBeforeModesTestExecutionListener, org.springframework.test.context.event.ApplicationEventsTestExecutionListener, org.springframework.test.context.support.DependencyInjectionTestExecutionListener, org.springframework.test.context.support.DirtiesContextTestExecutionListener, org.springframework.test.context.transaction.TransactionalTestExecutionListener, org.springframework.test.context.jdbc.SqlScriptsTestExecutionListener, org.springframework.test.context.event.EventPublishingTestExecutionListener, org.springframework.security.test.context.support.WithSecurityContextTestExecutionListener, org.springframework.security.test.context.support.ReactorContextTestExecutionListener]
2021-11-16 12:23:35,145 INFO org.springframework.test.context.support.AbstractTestContextBootstrapper [main] Using TestExecutionListeners: [org.springframework.test.context.web.ServletTestExecutionListener@52b56a3e, org.springframework.test.context.support.DirtiesContextBeforeModesTestExecutionListener@fd0e5b6, org.springframework.test.context.event.ApplicationEventsTestExecutionListener@4eed46ee, org.springframework.boot.test.mock.mockito.MockitoTestExecutionListener@36b0fcd5, org.springframework.boot.test.autoconfigure.SpringBootDependencyInjectionTestExecutionListener@4fad94a7, org.springframework.test.context.support.DirtiesContextTestExecutionListener@475835b1, org.springframework.test.context.transaction.TransactionalTestExecutionListener@6326d182, org.springframework.test.context.jdbc.SqlScriptsTestExecutionListener@5241cf67, org.springframework.test.context.event.EventPublishingTestExecutionListener@716a7124, org.springframework.security.test.context.support.WithSecurityContextTestExecutionListener@77192705, org.springframework.security.test.context.support.ReactorContextTestExecutionListener@226642a5, org.springframework.boot.test.mock.mockito.ResetMocksTestExecutionListener@7e809b79, org.springframework.boot.test.autoconfigure.restdocs.RestDocsTestExecutionListener@5cc126dc, org.springframework.boot.test.autoconfigure.web.client.MockRestServiceServerResetTestExecutionListener@625e134e, org.springframework.boot.test.autoconfigure.web.servlet.MockMvcPrintOnlyOnFailureTestExecutionListener@72bd06ca, org.springframework.boot.test.autoconfigure.web.servlet.WebDriverTestExecutionListener@89c10b7, org.springframework.boot.test.autoconfigure.webservices.client.MockWebServiceServerTestExecutionListener@5dbe30be]
2021-11-16 12:23:35,478 INFO org.springframework.boot.StartupInfoLogger [main] Starting ServiceTestClass using Java 16.0.2 on Prabal-INT054 with PID 23048 (started by Prabal_Katiyar in D:\Rapipay Projects\OTP\OTPGeneration)
2021-11-16 12:23:35,481 INFO org.springframework.boot.SpringApplication [main] No active profile set, falling back to default profiles: default
2021-11-16 12:23:36,388 INFO org.springframework.data.repository.config.RepositoryConfigurationDelegate [main] Bootstrapping Spring Data JPA repositories in DEFAULT mode.
2021-11-16 12:23:36,479 INFO org.springframework.data.repository.config.RepositoryConfigurationDelegate [main] Finished Spring Data repository scanning in 80 ms. Found 1 JPA repository interfaces.
2021-11-16 12:23:37,185 INFO org.hibernate.jpa.internal.util.LogHelper [main] HHH000204: Processing PersistenceUnitInfo [name: default]
2021-11-16 12:23:37,235 INFO org.hibernate.Version [main] HHH000412: Hibernate ORM core version 5.4.32.Final
2021-11-16 12:23:37,356 INFO org.hibernate.annotations.common.reflection.java.JavaReflectionManager [main] HCANN000001: Hibernate Commons Annotations {5.1.2.Final}
2021-11-16 12:23:37,521 INFO com.zaxxer.hikari.HikariDataSource [main] HikariPool-1 - Starting...
2021-11-16 12:23:37,724 INFO com.zaxxer.hikari.HikariDataSource [main] HikariPool-1 - Start completed.
2021-11-16 12:23:37,747 INFO org.hibernate.dialect.Dialect [main] HHH000400: Using dialect: org.hibernate.dialect.MySQL57Dialect
2021-11-16 12:23:38,265 INFO org.hibernate.engine.transaction.jta.platform.internal.JtaPlatformInitiator [main] HHH000490: Using JtaPlatform implementation: [org.hibernate.engine.transaction.jta.platform.internal.NoJtaPlatform]
2021-11-16 12:23:38,272 INFO org.springframework.orm.jpa.AbstractEntityManagerFactoryBean [main] Initialized JPA EntityManagerFactory for persistence unit 'default'
2021-11-16 12:23:38,956 WARN org.springframework.boot.autoconfigure.orm.jpa.JpaBaseConfiguration$JpaWebConfiguration [main] spring.jpa.open-in-view is enabled by default. Therefore, database queries may be performed during view rendering. Explicitly configure spring.jpa.open-in-view to disable this warning
2021-11-16 12:23:39,805 WARN org.springframework.boot.autoconfigure.thymeleaf.ThymeleafAutoConfiguration$DefaultTemplateResolverConfiguration [main] Cannot find template location: classpath:/templates/ (please add some templates or check your Thymeleaf configuration)
2021-11-16 12:23:40,079 INFO springfox.documentation.spring.web.plugins.DocumentationPluginsBootstrapper [main] Context refreshed
2021-11-16 12:23:40,098 INFO springfox.documentation.spring.web.plugins.DocumentationPluginsBootstrapper [main] Found 1 custom documentation plugin(s)
2021-11-16 12:23:40,105 INFO springfox.documentation.spring.web.scanners.ApiListingReferenceScanner [main] Scanning for api listing references
2021-11-16 12:23:40,187 INFO org.springframework.boot.StartupInfoLogger [main] Started ServiceTestClass in 4.995 seconds (JVM running for 6.258)
2021-11-16 12:23:40,481 INFO com.rapipay.OTPGeneration.OTPGeneration.Service.ServiceClass [main] Inside generateOTP function of Service Class
2021-11-16 12:23:40,542 INFO com.rapipay.OTPGeneration.OTPGeneration.Service.ServiceClass [main] Inside validateEmail function of Service Class
2021-11-16 12:23:40,543 INFO com.rapipay.OTPGeneration.OTPGeneration.Service.ServiceClass [main] Inside createOTP function of Service Class
2021-11-16 12:23:45,698 INFO com.rapipay.OTPGeneration.OTPGeneration.Service.ServiceClass [main] Inside generateOTP function of Service Class
2021-11-16 12:23:45,702 INFO com.rapipay.OTPGeneration.OTPGeneration.Service.ServiceClass [main] Inside validateEmail function of Service Class
2021-11-16 12:23:45,702 INFO com.rapipay.OTPGeneration.OTPGeneration.Service.ServiceClass [main] Inside createOTP function of Service Class
2021-11-16 12:23:49,974 INFO org.springframework.orm.jpa.AbstractEntityManagerFactoryBean [SpringApplicationShutdownHook] Closing JPA EntityManagerFactory for persistence unit 'default'
2021-11-16 12:23:49,980 INFO com.zaxxer.hikari.HikariDataSource [SpringApplicationShutdownHook] HikariPool-1 - Shutdown initiated...
2021-11-16 12:23:49,988 INFO com.zaxxer.hikari.HikariDataSource [SpringApplicationShutdownHook] HikariPool-1 - Shutdown completed.
2021-11-16 12:27:19,013 INFO org.springframework.boot.admin.SpringApplicationAdminMXBeanRegistrar$SpringApplicationAdmin [RMI TCP Connection(48)-127.0.0.1] Application shutdown requested.
2021-11-16 12:27:19,067 INFO org.springframework.orm.jpa.AbstractEntityManagerFactoryBean [RMI TCP Connection(48)-127.0.0.1] Closing JPA EntityManagerFactory for persistence unit 'default'
2021-11-16 12:27:19,072 INFO com.zaxxer.hikari.HikariDataSource [RMI TCP Connection(48)-127.0.0.1] HikariPool-1 - Shutdown initiated...
2021-11-16 12:27:19,077 INFO com.zaxxer.hikari.HikariDataSource [RMI TCP Connection(48)-127.0.0.1] HikariPool-1 - Shutdown completed.
2021-11-16 12:28:14,126 INFO org.springframework.test.context.support.AbstractTestContextBootstrapper [main] Neither @ContextConfiguration nor @ContextHierarchy found for test class [com.rapipay.OTPGeneration.OTPGeneration.Service.ServiceTestClass], using SpringBootContextLoader
2021-11-16 12:28:14,140 INFO org.springframework.test.context.support.AbstractContextLoader [main] Could not detect default resource locations for test class [com.rapipay.OTPGeneration.OTPGeneration.Service.ServiceTestClass]: no resource found for suffixes {-context.xml, Context.groovy}.
2021-11-16 12:28:14,142 INFO org.springframework.test.context.support.AnnotationConfigContextLoaderUtils [main] Could not detect default configuration classes for test class [com.rapipay.OTPGeneration.OTPGeneration.Service.ServiceTestClass]: ServiceTestClass does not declare any static, non-private, non-final, nested classes annotated with @Configuration.
2021-11-16 12:28:14,346 INFO org.springframework.boot.test.context.SpringBootTestContextBootstrapper [main] Found @SpringBootConfiguration com.rapipay.OTPGeneration.OTPGeneration.OtpGenerationApplication for test class com.rapipay.OTPGeneration.OTPGeneration.Service.ServiceTestClass
2021-11-16 12:28:14,605 INFO org.springframework.test.context.support.AbstractTestContextBootstrapper [main] Loaded default TestExecutionListener class names from location [META-INF/spring.factories]: [org.springframework.boot.test.mock.mockito.MockitoTestExecutionListener, org.springframework.boot.test.mock.mockito.ResetMocksTestExecutionListener, org.springframework.boot.test.autoconfigure.restdocs.RestDocsTestExecutionListener, org.springframework.boot.test.autoconfigure.web.client.MockRestServiceServerResetTestExecutionListener, org.springframework.boot.test.autoconfigure.web.servlet.MockMvcPrintOnlyOnFailureTestExecutionListener, org.springframework.boot.test.autoconfigure.web.servlet.WebDriverTestExecutionListener, org.springframework.boot.test.autoconfigure.webservices.client.MockWebServiceServerTestExecutionListener, org.springframework.test.context.web.ServletTestExecutionListener, org.springframework.test.context.support.DirtiesContextBeforeModesTestExecutionListener, org.springframework.test.context.event.ApplicationEventsTestExecutionListener, org.springframework.test.context.support.DependencyInjectionTestExecutionListener, org.springframework.test.context.support.DirtiesContextTestExecutionListener, org.springframework.test.context.transaction.TransactionalTestExecutionListener, org.springframework.test.context.jdbc.SqlScriptsTestExecutionListener, org.springframework.test.context.event.EventPublishingTestExecutionListener, org.springframework.security.test.context.support.WithSecurityContextTestExecutionListener, org.springframework.security.test.context.support.ReactorContextTestExecutionListener]
2021-11-16 12:28:14,657 INFO org.springframework.test.context.support.AbstractTestContextBootstrapper [main] Using TestExecutionListeners: [org.springframework.test.context.web.ServletTestExecutionListener@7327a447, org.springframework.test.context.support.DirtiesContextBeforeModesTestExecutionListener@67022ea, org.springframework.test.context.event.ApplicationEventsTestExecutionListener@2954f6ab, org.springframework.boot.test.mock.mockito.MockitoTestExecutionListener@58fbd02e, org.springframework.boot.test.autoconfigure.SpringBootDependencyInjectionTestExecutionListener@163042ea, org.springframework.test.context.support.DirtiesContextTestExecutionListener@11d045b4, org.springframework.test.context.transaction.TransactionalTestExecutionListener@1fbf088b, org.springframework.test.context.jdbc.SqlScriptsTestExecutionListener@1943c1f2, org.springframework.test.context.event.EventPublishingTestExecutionListener@d70f722, org.springframework.security.test.context.support.WithSecurityContextTestExecutionListener@1e1eeedd, org.springframework.security.test.context.support.ReactorContextTestExecutionListener@798256c5, org.springframework.boot.test.mock.mockito.ResetMocksTestExecutionListener@7ec95456, org.springframework.boot.test.autoconfigure.restdocs.RestDocsTestExecutionListener@748a654a, org.springframework.boot.test.autoconfigure.web.client.MockRestServiceServerResetTestExecutionListener@1d8b0500, org.springframework.boot.test.autoconfigure.web.servlet.MockMvcPrintOnlyOnFailureTestExecutionListener@76544c0a, org.springframework.boot.test.autoconfigure.web.servlet.WebDriverTestExecutionListener@428bdd72, org.springframework.boot.test.autoconfigure.webservices.client.MockWebServiceServerTestExecutionListener@650c405c]
2021-11-16 12:28:15,127 INFO org.springframework.boot.StartupInfoLogger [main] Starting ServiceTestClass using Java 16.0.2 on Prabal-INT054 with PID 15744 (started by Prabal_Katiyar in D:\Rapipay Projects\OTP\OTPGeneration)
2021-11-16 12:28:15,130 INFO org.springframework.boot.SpringApplication [main] No active profile set, falling back to default profiles: default
2021-11-16 12:28:16,315 INFO org.springframework.data.repository.config.RepositoryConfigurationDelegate [main] Bootstrapping Spring Data JPA repositories in DEFAULT mode.
2021-11-16 12:28:16,387 INFO org.springframework.data.repository.config.RepositoryConfigurationDelegate [main] Finished Spring Data repository scanning in 59 ms. Found 1 JPA repository interfaces.
2021-11-16 12:28:17,198 INFO org.hibernate.jpa.internal.util.LogHelper [main] HHH000204: Processing PersistenceUnitInfo [name: default]
2021-11-16 12:28:17,276 INFO org.hibernate.Version [main] HHH000412: Hibernate ORM core version 5.4.32.Final
2021-11-16 12:28:17,474 INFO org.hibernate.annotations.common.reflection.java.JavaReflectionManager [main] HCANN000001: Hibernate Commons Annotations {5.1.2.Final}
2021-11-16 12:28:17,645 INFO com.zaxxer.hikari.HikariDataSource [main] HikariPool-1 - Starting...
2021-11-16 12:28:17,903 INFO com.zaxxer.hikari.HikariDataSource [main] HikariPool-1 - Start completed.
2021-11-16 12:28:17,942 INFO org.hibernate.dialect.Dialect [main] HHH000400: Using dialect: org.hibernate.dialect.MySQL57Dialect
2021-11-16 12:28:18,618 INFO org.hibernate.engine.transaction.jta.platform.internal.JtaPlatformInitiator [main] HHH000490: Using JtaPlatform implementation: [org.hibernate.engine.transaction.jta.platform.internal.NoJtaPlatform]
2021-11-16 12:28:18,628 INFO org.springframework.orm.jpa.AbstractEntityManagerFactoryBean [main] Initialized JPA EntityManagerFactory for persistence unit 'default'
2021-11-16 12:28:19,358 WARN org.springframework.boot.autoconfigure.orm.jpa.JpaBaseConfiguration$JpaWebConfiguration [main] spring.jpa.open-in-view is enabled by default. Therefore, database queries may be performed during view rendering. Explicitly configure spring.jpa.open-in-view to disable this warning
2021-11-16 12:28:20,298 WARN org.springframework.boot.autoconfigure.thymeleaf.ThymeleafAutoConfiguration$DefaultTemplateResolverConfiguration [main] Cannot find template location: classpath:/templates/ (please add some templates or check your Thymeleaf configuration)
2021-11-16 12:28:20,521 INFO springfox.documentation.spring.web.plugins.DocumentationPluginsBootstrapper [main] Context refreshed
2021-11-16 12:28:20,557 INFO springfox.documentation.spring.web.plugins.DocumentationPluginsBootstrapper [main] Found 1 custom documentation plugin(s)
2021-11-16 12:28:20,567 INFO springfox.documentation.spring.web.scanners.ApiListingReferenceScanner [main] Scanning for api listing references
2021-11-16 12:28:20,690 INFO org.springframework.boot.StartupInfoLogger [main] Started ServiceTestClass in 5.946 seconds (JVM running for 8.251)
2021-11-16 12:28:20,999 INFO com.rapipay.OTPGeneration.OTPGeneration.Service.ServiceClass [main] Inside generateOTP function of Service Class
2021-11-16 12:28:21,074 INFO com.rapipay.OTPGeneration.OTPGeneration.Service.ServiceClass [main] Inside validateEmail function of Service Class
2021-11-16 12:28:21,075 INFO com.rapipay.OTPGeneration.OTPGeneration.Service.ServiceClass [main] Inside createOTP function of Service Class
2021-11-16 12:28:25,915 INFO com.rapipay.OTPGeneration.OTPGeneration.Service.ServiceClass [main] Inside generateOTP function of Service Class
2021-11-16 12:28:25,920 INFO com.rapipay.OTPGeneration.OTPGeneration.Service.ServiceClass [main] Inside validateEmail function of Service Class
2021-11-16 12:28:25,920 INFO com.rapipay.OTPGeneration.OTPGeneration.Service.ServiceClass [main] Inside createOTP function of Service Class
2021-11-16 12:28:30,335 INFO org.springframework.test.context.support.AbstractTestContextBootstrapper [main] Neither @ContextConfiguration nor @ContextHierarchy found for test class [com.rapipay.OTPGeneration.OTPGeneration.OtpGenerationApplicationTests], using SpringBootContextLoader
2021-11-16 12:28:30,336 INFO org.springframework.test.context.support.AbstractContextLoader [main] Could not detect default resource locations for test class [com.rapipay.OTPGeneration.OTPGeneration.OtpGenerationApplicationTests]: no resource found for suffixes {-context.xml, Context.groovy}.
2021-11-16 12:28:30,336 INFO org.springframework.test.context.support.AnnotationConfigContextLoaderUtils [main] Could not detect default configuration classes for test class [com.rapipay.OTPGeneration.OTPGeneration.OtpGenerationApplicationTests]: OtpGenerationApplicationTests does not declare any static, non-private, non-final, nested classes annotated with @Configuration.
2021-11-16 12:28:30,340 INFO org.springframework.boot.test.context.SpringBootTestContextBootstrapper [main] Found @SpringBootConfiguration com.rapipay.OTPGeneration.OTPGeneration.OtpGenerationApplication for test class com.rapipay.OTPGeneration.OTPGeneration.OtpGenerationApplicationTests
2021-11-16 12:28:30,341 INFO org.springframework.test.context.support.AbstractTestContextBootstrapper [main] Loaded default TestExecutionListener class names from location [META-INF/spring.factories]: [org.springframework.boot.test.mock.mockito.MockitoTestExecutionListener, org.springframework.boot.test.mock.mockito.ResetMocksTestExecutionListener, org.springframework.boot.test.autoconfigure.restdocs.RestDocsTestExecutionListener, org.springframework.boot.test.autoconfigure.web.client.MockRestServiceServerResetTestExecutionListener, org.springframework.boot.test.autoconfigure.web.servlet.MockMvcPrintOnlyOnFailureTestExecutionListener, org.springframework.boot.test.autoconfigure.web.servlet.WebDriverTestExecutionListener, org.springframework.boot.test.autoconfigure.webservices.client.MockWebServiceServerTestExecutionListener, org.springframework.test.context.web.ServletTestExecutionListener, org.springframework.test.context.support.DirtiesContextBeforeModesTestExecutionListener, org.springframework.test.context.event.ApplicationEventsTestExecutionListener, org.springframework.test.context.support.DependencyInjectionTestExecutionListener, org.springframework.test.context.support.DirtiesContextTestExecutionListener, org.springframework.test.context.transaction.TransactionalTestExecutionListener, org.springframework.test.context.jdbc.SqlScriptsTestExecutionListener, org.springframework.test.context.event.EventPublishingTestExecutionListener, org.springframework.security.test.context.support.WithSecurityContextTestExecutionListener, org.springframework.security.test.context.support.ReactorContextTestExecutionListener]
2021-11-16 12:28:30,342 INFO org.springframework.test.context.support.AbstractTestContextBootstrapper [main] Using TestExecutionListeners: [org.springframework.test.context.web.ServletTestExecutionListener@63eff41c, org.springframework.test.context.support.DirtiesContextBeforeModesTestExecutionListener@619157ae, org.springframework.test.context.event.ApplicationEventsTestExecutionListener@1b5bd1f5, org.springframework.boot.test.mock.mockito.MockitoTestExecutionListener@7b915d3a, org.springframework.boot.test.autoconfigure.SpringBootDependencyInjectionTestExecutionListener@67420940, org.springframework.test.context.support.DirtiesContextTestExecutionListener@c851e21, org.springframework.test.context.transaction.TransactionalTestExecutionListener@4994b23d, org.springframework.test.context.jdbc.SqlScriptsTestExecutionListener@381d5eb8, org.springframework.test.context.event.EventPublishingTestExecutionListener@4fe258f2, org.springframework.security.test.context.support.WithSecurityContextTestExecutionListener@6bb22339, org.springframework.security.test.context.support.ReactorContextTestExecutionListener@7db6128, org.springframework.boot.test.mock.mockito.ResetMocksTestExecutionListener@55e107f5, org.springframework.boot.test.autoconfigure.restdocs.RestDocsTestExecutionListener@819e073, org.springframework.boot.test.autoconfigure.web.client.MockRestServiceServerResetTestExecutionListener@72c8b1a2, org.springframework.boot.test.autoconfigure.web.servlet.MockMvcPrintOnlyOnFailureTestExecutionListener@2e465cf2, org.springframework.boot.test.autoconfigure.web.servlet.WebDriverTestExecutionListener@73c53860, org.springframework.boot.test.autoconfigure.webservices.client.MockWebServiceServerTestExecutionListener@34984413]
2021-11-16 12:28:30,801 INFO org.springframework.orm.jpa.AbstractEntityManagerFactoryBean [SpringApplicationShutdownHook] Closing JPA EntityManagerFactory for persistence unit 'default'
2021-11-16 12:28:30,804 INFO com.zaxxer.hikari.HikariDataSource [SpringApplicationShutdownHook] HikariPool-1 - Shutdown initiated...
2021-11-16 12:28:30,814 INFO com.zaxxer.hikari.HikariDataSource [SpringApplicationShutdownHook] HikariPool-1 - Shutdown completed.
2021-11-16 12:29:59,595 INFO org.springframework.boot.StartupInfoLogger [main] Starting OtpGenerationApplication using Java 16.0.2 on Prabal-INT054 with PID 13900 (D:\Rapipay Projects\OTP\OTPGeneration\target\classes started by Prabal_Katiyar in D:\Rapipay Projects\OTP\OTPGeneration)
2021-11-16 12:29:59,601 INFO org.springframework.boot.SpringApplication [main] No active profile set, falling back to default profiles: default
2021-11-16 12:30:00,847 INFO org.springframework.data.repository.config.RepositoryConfigurationDelegate [main] Bootstrapping Spring Data JPA repositories in DEFAULT mode.
2021-11-16 12:30:00,930 INFO org.springframework.data.repository.config.RepositoryConfigurationDelegate [main] Finished Spring Data repository scanning in 67 ms. Found 1 JPA repository interfaces.
2021-11-16 12:30:01,812 INFO org.springframework.boot.web.embedded.tomcat.TomcatWebServer [main] Tomcat initialized with port(s): 7070 (https)
2021-11-16 12:30:01,829 INFO org.apache.juli.logging.DirectJDKLog [main] Initializing ProtocolHandler ["https-jsse-nio-7070"]
2021-11-16 12:30:01,830 INFO org.apache.juli.logging.DirectJDKLog [main] Starting service [Tomcat]
2021-11-16 12:30:01,830 INFO org.apache.juli.logging.DirectJDKLog [main] Starting Servlet engine: [Apache Tomcat/9.0.54]
2021-11-16 12:30:01,957 INFO org.apache.juli.logging.DirectJDKLog [main] Initializing Spring embedded WebApplicationContext
2021-11-16 12:30:01,957 INFO org.springframework.boot.web.servlet.context.ServletWebServerApplicationContext [main] Root WebApplicationContext: initialization completed in 2284 ms
2021-11-16 12:30:02,223 INFO org.hibernate.jpa.internal.util.LogHelper [main] HHH000204: Processing PersistenceUnitInfo [name: default]
2021-11-16 12:30:02,324 INFO org.hibernate.Version [main] HHH000412: Hibernate ORM core version 5.4.32.Final
2021-11-16 12:30:02,598 INFO org.hibernate.annotations.common.reflection.java.JavaReflectionManager [main] HCANN000001: Hibernate Commons Annotations {5.1.2.Final}
2021-11-16 12:30:02,777 INFO com.zaxxer.hikari.HikariDataSource [main] HikariPool-1 - Starting...
2021-11-16 12:30:03,037 INFO com.zaxxer.hikari.HikariDataSource [main] HikariPool-1 - Start completed.
2021-11-16 12:30:03,078 INFO org.hibernate.dialect.Dialect [main] HHH000400: Using dialect: org.hibernate.dialect.MySQL57Dialect
2021-11-16 12:30:03,921 INFO org.hibernate.engine.transaction.jta.platform.internal.JtaPlatformInitiator [main] HHH000490: Using JtaPlatform implementation: [org.hibernate.engine.transaction.jta.platform.internal.NoJtaPlatform]
2021-11-16 12:30:03,932 INFO org.springframework.orm.jpa.AbstractEntityManagerFactoryBean [main] Initialized JPA EntityManagerFactory for persistence unit 'default'
2021-11-16 12:30:04,676 WARN org.springframework.boot.autoconfigure.orm.jpa.JpaBaseConfiguration$JpaWebConfiguration [main] spring.jpa.open-in-view is enabled by default. Therefore, database queries may be performed during view rendering. Explicitly configure spring.jpa.open-in-view to disable this warning
2021-11-16 12:30:05,192 WARN org.springframework.boot.autoconfigure.thymeleaf.ThymeleafAutoConfiguration$DefaultTemplateResolverConfiguration [main] Cannot find template location: classpath:/templates/ (please add some templates or check your Thymeleaf configuration)
2021-11-16 12:30:05,297 INFO org.apache.juli.logging.DirectJDKLog [main] Starting ProtocolHandler ["https-jsse-nio-7070"]
2021-11-16 12:30:05,509 INFO org.springframework.boot.web.embedded.tomcat.TomcatWebServer [main] Tomcat started on port(s): 7070 (https) with context path ''
2021-11-16 12:30:05,515 INFO springfox.documentation.spring.web.plugins.DocumentationPluginsBootstrapper [main] Context refreshed
2021-11-16 12:30:05,541 INFO springfox.documentation.spring.web.plugins.DocumentationPluginsBootstrapper [main] Found 1 custom documentation plugin(s)
2021-11-16 12:30:05,552 INFO springfox.documentation.spring.web.scanners.ApiListingReferenceScanner [main] Scanning for api listing references
2021-11-16 12:30:05,645 INFO org.springframework.boot.StartupInfoLogger [main] Started OtpGenerationApplication in 6.77 seconds (JVM running for 7.971)
2021-11-16 12:30:05,648 INFO com.rapipay.OTPGeneration.OTPGeneration.OtpGenerationApplication [main] Inside Main Class
